{
  "RSpec": {
    "coverage": {
      "/home/aguestuser/code/scratch/position-dev-interview/truncation/spec/modules/nokogiri_adapter_spec.rb": [
        1,
        1,
        null,
        1,
        null,
        1,
        24,
        null,
        1,
        null,
        1,
        null,
        1,
        1,
        1,
        1,
        1,
        1,
        1,
        1,
        1,
        1,
        null,
        1,
        null,
        1,
        null,
        null,
        null,
        null,
        null,
        null,
        1,
        null,
        null,
        null,
        1,
        null,
        1,
        1,
        null,
        3,
        null,
        1,
        1,
        null,
        3,
        null,
        1,
        1,
        1,
        null,
        3,
        null,
        1,
        1,
        1,
        null,
        3,
        null,
        1,
        1,
        1,
        null,
        3,
        null,
        1,
        1,
        1,
        1,
        null,
        3,
        null,
        1,
        1,
        1,
        null,
        3,
        null,
        1,
        1,
        1,
        1,
        null,
        3,
        null,
        1,
        1,
        1,
        null,
        3,
        null,
        1,
        1,
        1,
        1,
        null,
        3,
        null,
        1,
        1,
        1,
        1,
        null,
        null,
        null,
        null,
        null,
        null,
        1,
        null,
        1,
        null,
        null,
        null,
        null,
        null,
        null,
        null,
        null,
        null,
        null,
        1,
        1,
        null,
        null,
        null,
        1,
        null,
        1,
        null,
        1,
        1,
        null,
        1,
        1,
        1,
        1,
        null,
        null,
        null,
        1,
        null,
        1,
        1,
        null,
        null,
        null,
        null,
        null
      ],
      "/home/aguestuser/code/scratch/position-dev-interview/truncation/src/modules/nokogiri_adapter.rb": [
        1,
        null,
        1,
        1,
        null,
        null,
        23,
        null,
        null,
        1,
        20,
        null,
        null,
        null,
        1,
        152,
        null,
        null,
        null,
        null
      ],
      "/home/aguestuser/code/scratch/position-dev-interview/truncation/src/modules/tree.rb": [
        1,
        1,
        1,
        null
      ],
      "/home/aguestuser/code/scratch/position-dev-interview/truncation/spec/modules/string_truncation_spec.rb": [
        null,
        1,
        1,
        null,
        1,
        null,
        1,
        null,
        1,
        null,
        1,
        null,
        1,
        null,
        1,
        1,
        1,
        null,
        null,
        null,
        1,
        1,
        null,
        1,
        1,
        null,
        1,
        1,
        null,
        1,
        1,
        null,
        null,
        null,
        null,
        1,
        null,
        1,
        1,
        null,
        1,
        1,
        1,
        null,
        null,
        null,
        1,
        1,
        1,
        1,
        null,
        1,
        1,
        null,
        1,
        1,
        null,
        null,
        null,
        null,
        1,
        1,
        null,
        1,
        1,
        1,
        null,
        null,
        null,
        1,
        1,
        1,
        1,
        null,
        1,
        1,
        null,
        1,
        1,
        null,
        1,
        null,
        null,
        null,
        null,
        1,
        1,
        null,
        1,
        1,
        1,
        null,
        null,
        null,
        1,
        1,
        1,
        1,
        null,
        1,
        1,
        null,
        1,
        1,
        null,
        1,
        null,
        null,
        null,
        null,
        1,
        1,
        1,
        null,
        null,
        null,
        1,
        1,
        1,
        null,
        null,
        null,
        1,
        1,
        1,
        null,
        null,
        null,
        null,
        null,
        null,
        1,
        null,
        1,
        null,
        1,
        null,
        1,
        null,
        1,
        null,
        1,
        1,
        null,
        null,
        null,
        1,
        1,
        1,
        null,
        null,
        null,
        1,
        1,
        1,
        null,
        null,
        null,
        1,
        1,
        1,
        null,
        null,
        null,
        null,
        null,
        1,
        null,
        1,
        1,
        null,
        null,
        1,
        1,
        null,
        null,
        null,
        null,
        1,
        null,
        1,
        null,
        1,
        null,
        1,
        null,
        1,
        1,
        1,
        null,
        null,
        null,
        1,
        1,
        1,
        null,
        null,
        null,
        1,
        1,
        1,
        1,
        null,
        1,
        1,
        null,
        1,
        1,
        null,
        null,
        null,
        null,
        1,
        null,
        1,
        1,
        1,
        null,
        null,
        null,
        1,
        1,
        1,
        null,
        null,
        null,
        1,
        1,
        1,
        null,
        null,
        null,
        null,
        null,
        null,
        1,
        null,
        1,
        null,
        1,
        1,
        1,
        null,
        null,
        null,
        1,
        1,
        1,
        null,
        null,
        null,
        1,
        1,
        1,
        null,
        null,
        null,
        1,
        1,
        1,
        null,
        null,
        null,
        1,
        1,
        1,
        null,
        null,
        null,
        null,
        1,
        null,
        1,
        null,
        1,
        1,
        1,
        null,
        null,
        null,
        1,
        1,
        1,
        1,
        null,
        null,
        null,
        null,
        1,
        1,
        1,
        1,
        null,
        null,
        null,
        1,
        1,
        1,
        null,
        null,
        null,
        null,
        null,
        null,
        null
      ],
      "/home/aguestuser/code/scratch/position-dev-interview/truncation/src/modules/string_truncation.rb": [
        null,
        1,
        null,
        1,
        null,
        null,
        null,
        null,
        1,
        169,
        null,
        null,
        null,
        null,
        null,
        null,
        null,
        174,
        null,
        null,
        176,
        null,
        null,
        1,
        173,
        null,
        null,
        null,
        1,
        173,
        null,
        null,
        null,
        null,
        null,
        1,
        173,
        null,
        null,
        null,
        null,
        null,
        null,
        null,
        1,
        475,
        475,
        84,
        295,
        null,
        null,
        null,
        null,
        null,
        null,
        175,
        null,
        null,
        180,
        null,
        null,
        180,
        null,
        null,
        52,
        null,
        null
      ],
      "/home/aguestuser/code/scratch/position-dev-interview/truncation/spec/modules/tree_spec.rb": [
        1,
        null,
        1,
        null,
        1,
        null,
        1,
        null,
        1,
        1,
        null,
        null,
        1,
        1,
        1,
        null,
        null,
        1,
        1,
        null,
        null,
        1,
        1,
        null,
        null,
        1,
        1,
        null,
        null,
        null,
        1,
        null,
        1,
        1,
        null,
        null,
        1,
        null,
        1,
        null,
        null,
        null,
        1,
        null,
        1,
        null,
        1,
        1,
        1,
        null,
        1,
        null,
        null,
        null,
        null
      ],
      "/home/aguestuser/code/scratch/position-dev-interview/truncation/spec/modules/tree_truncation_spec.rb": [
        null,
        1,
        1,
        null,
        1,
        null,
        1,
        null,
        1,
        null,
        1,
        1,
        null,
        null,
        null,
        null,
        null,
        null,
        null,
        null,
        null,
        1,
        1,
        1,
        null,
        null,
        null,
        1,
        1,
        1,
        null,
        null,
        null,
        1,
        1,
        1,
        null,
        null,
        null,
        1,
        null,
        1,
        null,
        1,
        1,
        null,
        1,
        1,
        null,
        1,
        1,
        null,
        1,
        1,
        null,
        1,
        1,
        null,
        1,
        1,
        null,
        1,
        null,
        null,
        null,
        null,
        null,
        1,
        1,
        null,
        null,
        null,
        null,
        null,
        null,
        null,
        null,
        null,
        1,
        1,
        1,
        null,
        null,
        null,
        null,
        1,
        1,
        1,
        null,
        null,
        null,
        null,
        1,
        null,
        1,
        null,
        1,
        1,
        null,
        1,
        1,
        null,
        1,
        1,
        null,
        1,
        1,
        null,
        1,
        null,
        1,
        1,
        null,
        1,
        1,
        null,
        1,
        null,
        1,
        null,
        null,
        null,
        null,
        null,
        null,
        1,
        null,
        1,
        null,
        1,
        1,
        null,
        null,
        1,
        1,
        null,
        null,
        1,
        1,
        null,
        null,
        null,
        1,
        null,
        1,
        1,
        null,
        null,
        1,
        1,
        null,
        null,
        null,
        1,
        null,
        1,
        1,
        null,
        null,
        null,
        null
      ],
      "/home/aguestuser/code/scratch/position-dev-interview/truncation/src/modules/tree_truncation.rb": [
        null,
        1,
        null,
        1,
        1,
        null,
        null,
        null,
        null,
        1,
        52,
        null,
        null,
        null,
        null,
        null,
        1,
        194,
        null,
        null,
        null,
        1,
        137,
        null,
        null,
        null,
        111,
        null,
        null,
        1,
        110,
        279,
        279,
        279,
        null,
        null,
        null,
        null,
        null,
        null,
        335,
        null,
        null,
        843,
        null,
        null,
        1,
        509,
        null,
        229,
        null,
        null,
        null,
        null,
        null,
        null,
        null,
        null,
        null,
        null,
        null,
        null,
        null
      ],
      "/home/aguestuser/code/scratch/position-dev-interview/truncation/spec/modules/truncation_spec.rb": [
        null,
        1,
        1,
        null,
        1,
        null,
        1,
        null,
        1,
        1,
        1,
        1,
        null,
        null,
        1,
        null,
        1,
        null,
        1,
        1,
        null,
        1,
        1,
        null,
        1,
        1,
        null,
        1,
        1,
        null,
        1,
        null,
        1,
        1,
        null,
        1,
        1,
        null,
        1,
        null,
        1,
        1,
        null,
        null,
        null,
        1,
        null,
        1,
        1,
        null,
        null,
        1,
        1,
        null,
        null,
        null
      ],
      "/home/aguestuser/code/scratch/position-dev-interview/truncation/src/modules/truncation.rb": [
        null,
        null,
        null,
        null,
        1,
        null,
        1,
        1,
        null,
        null,
        20,
        null,
        null,
        1,
        21,
        21,
        null,
        null
      ]
    },
    "timestamp": 1458968249
  }
}
